<?xml version="1.0" encoding="UTF-8"?>
<!-- Generated by org.testng.reporters.JUnitReportReporter -->
<testsuite hostname="DESKTOP-G7BS26R" failures="0" tests="2" name="HMS.admin.testcases.testhomepage" time="0.770" errors="0" timestamp="2021-02-17T12:08:10 IST" skipped="0">
  <testcase classname="HMS.admin.testcases.testhomepage" name="checkfrtitle" time="0.140"/>
  <system-out/>
  <testcase classname="HMS.admin.testcases.testhomepage" name="checktext" time="0.630"/>
  <system-out/>
</testsuite> <!-- HMS.admin.testcases.testhomepage -->
