<?xml version="1.0" encoding="UTF-8"?>
<!-- Generated by org.testng.reporters.JUnitReportReporter -->
<testsuite hostname="DESKTOP-L997CC9" failures="0" tests="5" name="HMS.admin.testcases.testlogin" time="20.775" errors="0" timestamp="2021-01-28T15:05:15 IST" skipped="0">
  <testcase classname="HMS.admin.testcases.testlogin" name="checkfortitle" time="0.048"/>
  <system-out/>
  <testcase classname="HMS.admin.testcases.testlogin" name="checkforlogo" time="0.308"/>
  <system-out/>
  <testcase classname="HMS.admin.testcases.testlogin" name="Flogin" time="1.042"/>
  <system-out/>
  <testcase classname="HMS.admin.testcases.testlogin" name="alogin" time="0.877"/>
  <system-out/>
  <testcase classname="HMS.admin.testcases.testlogin" name="applogin" time="18.500"/>
  <system-out/>
</testsuite> <!-- HMS.admin.testcases.testlogin -->
