<?xml version="1.0" encoding="UTF-8"?>
<!-- Generated by org.testng.reporters.JUnitReportReporter -->
<testsuite hostname="DESKTOP-L997CC9" failures="0" tests="1" name="HMS.admin.testcases.TestFrontOffice" time="35.515" errors="0" timestamp="2021-02-04T16:22:56 IST" skipped="0">
  <testcase classname="HMS.admin.testcases.TestFrontOffice" name="startup" time="35.515"/>
  <system-out/>
</testsuite> <!-- HMS.admin.testcases.TestFrontOffice -->
