<?xml version="1.0" encoding="UTF-8"?>
<!-- Generated by org.testng.reporters.JUnitReportReporter -->
<testsuite hostname="DESKTOP-G7BS26R" failures="0" tests="1" name="HMS.admin.testcases.TestFrontOffice" time="41.276" errors="0" timestamp="2021-02-17T12:40:22 IST" skipped="0">
  <testcase classname="HMS.admin.testcases.TestFrontOffice" name="startup" time="41.276"/>
  <system-out/>
</testsuite> <!-- HMS.admin.testcases.TestFrontOffice -->
